2026-05-18 07:34:49 [[32mINFO[0m] emo-ai.init (ai_init.py:147): Initializing AI Code Intelligence Layer...
2026-05-18 07:34:49 [[32mINFO[0m] emo-ai.init (ai_init.py:77): Loaded AI configuration from .ai/config.json
2026-05-18 07:34:49 [[32mINFO[0m] emo-ai.decisions (ai_logging.py:130): decision_type=layer_initialization | description=AI Code Intelligence Layer initialized | actor=ai-system | context=Version: 1.0.0, Root: /Users/AI Workspace/Emo-AI
2026-05-18 07:34:49 [[32mINFO[0m] emo-ai.init (ai_init.py:162): AI Code Intelligence Layer initialized successfully
2026-05-18 07:41:44 [[32mINFO[0m] emo-ai.indexer (repository_indexer.py:76): RepositoryIndexer initialized for /Users/AI Workspace/Emo-AI
2026-05-18 07:41:44 [[32mINFO[0m] emo-ai.indexer (repository_indexer.py:391): Starting repository scan (force_full=True)
2026-05-18 07:41:45 [[32mINFO[0m] emo-ai.decisions (ai_logging.py:130): decision_type=repository_indexing | description=Repository indexing completed | actor=ai-system | context={"files_scanned": 75, "files_indexed": 63, "files_removed": 0, "duration_seconds": 0.7049429416656494}
2026-05-18 07:41:45 [[32mINFO[0m] emo-ai.indexer (repository_indexer.py:501): Repository scan completed in 0.70s. Indexed: 63, Skipped: 12, Removed: 0, Errors: 0
2026-05-18 07:41:58 [[32mINFO[0m] emo-ai.indexer (repository_indexer.py:76): RepositoryIndexer initialized for /Users/AI Workspace/Emo-AI
2026-05-18 07:42:06 [[32mINFO[0m] emo-ai.indexer (repository_indexer.py:76): RepositoryIndexer initialized for /Users/AI Workspace/Emo-AI
2026-05-18 07:42:06 [[32mINFO[0m] emo-ai.indexer (repository_indexer.py:391): Starting repository scan (force_full=False)
2026-05-18 07:42:07 [[32mINFO[0m] emo-ai.decisions (ai_logging.py:130): decision_type=repository_indexing | description=Repository indexing completed | actor=ai-system | context={"files_scanned": 75, "files_indexed": 10, "files_removed": 0, "duration_seconds": 0.0684518814086914}
2026-05-18 07:42:07 [[32mINFO[0m] emo-ai.indexer (repository_indexer.py:501): Repository scan completed in 0.07s. Indexed: 10, Skipped: 65, Removed: 0, Errors: 0
2026-05-18 08:12:18 [[32mINFO[0m] emo-ai.indexer (repository_indexer.py:63): RepositoryIndexer initialized for /Users/AI Workspace/Emo-AI
2026-05-18 08:12:18 [[32mINFO[0m] emo-ai.indexer (repository_indexer.py:378): Starting repository scan (force_full=True)
2026-05-18 08:12:23 [[31mERROR[0m] emo-ai.indexer (repository_indexer.py:441): Error processing /Users/AI Workspace/Emo-AI/EMO_AI_ORCHESTRATOR_REFERENCE.pdf: database is locked
2026-05-18 08:12:29 [[31mERROR[0m] emo-ai.indexer (repository_indexer.py:441): Error processing /Users/AI Workspace/Emo-AI/.emo_chat_history.json: database is locked
2026-05-18 08:12:34 [[31mERROR[0m] emo-ai.indexer (repository_indexer.py:441): Error processing /Users/AI Workspace/Emo-AI/.DS_Store: database is locked
2026-05-18 08:12:39 [[31mERROR[0m] emo-ai.indexer (repository_indexer.py:441): Error processing /Users/AI Workspace/Emo-AI/PHASE_3_SUMMARY.md: database is locked
2026-05-18 08:12:45 [[31mERROR[0m] emo-ai.indexer (repository_indexer.py:441): Error processing /Users/AI Workspace/Emo-AI/emo_ai.db: database is locked
2026-05-18 08:12:50 [[31mERROR[0m] emo-ai.indexer (repository_indexer.py:441): Error processing /Users/AI Workspace/Emo-AI/pytest.ini: database is locked
2026-05-18 08:12:56 [[31mERROR[0m] emo-ai.indexer (repository_indexer.py:441): Error processing /Users/AI Workspace/Emo-AI/LICENSE: database is locked
2026-05-18 08:13:01 [[31mERROR[0m] emo-ai.indexer (repository_indexer.py:441): Error processing /Users/AI Workspace/Emo-AI/tray.py: database is locked
2026-05-18 08:13:06 [[31mERROR[0m] emo-ai.indexer (repository_indexer.py:441): Error processing /Users/AI Workspace/Emo-AI/requirements.txt: database is locked
2026-05-18 08:13:11 [[31mERROR[0m] emo-ai.indexer (repository_indexer.py:441): Error processing /Users/AI Workspace/Emo-AI/memory.py: database is locked
2026-05-18 08:13:17 [[31mERROR[0m] emo-ai.indexer (repository_indexer.py:441): Error processing /Users/AI Workspace/Emo-AI/CHANGELOG.md: database is locked
2026-05-18 08:13:22 [[31mERROR[0m] emo-ai.indexer (repository_indexer.py:441): Error processing /Users/AI Workspace/Emo-AI/Dockerfile: database is locked
2026-05-18 08:13:27 [[31mERROR[0m] emo-ai.indexer (repository_indexer.py:441): Error processing /Users/AI Workspace/Emo-AI/tools.py: database is locked
2026-05-18 08:13:32 [[31mERROR[0m] emo-ai.indexer (repository_indexer.py:441): Error processing /Users/AI Workspace/Emo-AI/firebase_tools.py: database is locked
2026-05-18 08:13:38 [[31mERROR[0m] emo-ai.indexer (repository_indexer.py:441): Error processing /Users/AI Workspace/Emo-AI/devops_tools.py: database is locked
2026-05-18 08:13:43 [[31mERROR[0m] emo-ai.indexer (repository_indexer.py:441): Error processing /Users/AI Workspace/Emo-AI/PHASE_1_SUMMARY.md: database is locked
2026-05-18 08:13:48 [[31mERROR[0m] emo-ai.indexer (repository_indexer.py:441): Error processing /Users/AI Workspace/Emo-AI/DEVELOPER.md: database is locked
2026-05-18 08:13:53 [[31mERROR[0m] emo-ai.indexer (repository_indexer.py:441): Error processing /Users/AI Workspace/Emo-AI/supabase_tools.py: database is locked
2026-05-18 08:13:58 [[31mERROR[0m] emo-ai.indexer (repository_indexer.py:441): Error processing /Users/AI Workspace/Emo-AI/PHASE_2_SUMMARY.md: database is locked
2026-05-18 08:14:04 [[31mERROR[0m] emo-ai.indexer (repository_indexer.py:441): Error processing /Users/AI Workspace/Emo-AI/README.md: database is locked
2026-05-18 08:14:09 [[31mERROR[0m] emo-ai.indexer (repository_indexer.py:441): Error processing /Users/AI Workspace/Emo-AI/brain.py: database is locked
2026-05-18 08:14:14 [[31mERROR[0m] emo-ai.indexer (repository_indexer.py:441): Error processing /Users/AI Workspace/Emo-AI/setup.py: database is locked
2026-05-19 00:01:29 [[32mINFO[0m] emo-ai.indexer (repository_indexer.py:63): RepositoryIndexer initialized for /var/folders/78/ggfty0h91k797r7nkl3qmdf80000gn/T/tmptcpcqppc
2026-05-19 00:01:35 [[32mINFO[0m] emo-ai.indexer (repository_indexer.py:63): RepositoryIndexer initialized for /var/folders/78/ggfty0h91k797r7nkl3qmdf80000gn/T/tmpdt6v9ses
2026-05-19 00:01:35 [[32mINFO[0m] emo-ai.indexer (repository_indexer.py:392): Starting repository scan (force_full=False)
2026-05-19 00:01:35 [[31mERROR[0m] emo-ai.indexer (repository_indexer.py:548): Error parsing file /var/folders/78/ggfty0h91k797r7nkl3qmdf80000gn/T/tmpdt6v9ses/utils.py: UNIQUE constraint failed: file_metadata.file_id
2026-05-19 00:01:35 [[31mERROR[0m] emo-ai.indexer (repository_indexer.py:443): Error parsing utils.py: UNIQUE constraint failed: file_metadata.file_id
2026-05-19 00:01:35 [[31mERROR[0m] emo-ai.indexer (repository_indexer.py:548): Error parsing file /var/folders/78/ggfty0h91k797r7nkl3qmdf80000gn/T/tmpdt6v9ses/main.py: UNIQUE constraint failed: file_metadata.file_id
2026-05-19 00:01:35 [[31mERROR[0m] emo-ai.indexer (repository_indexer.py:443): Error parsing main.py: UNIQUE constraint failed: file_metadata.file_id
2026-05-19 00:01:35 [[32mINFO[0m] emo-ai.decisions (ai_logging.py:130): decision_type=repository_indexing | description=Repository indexing completed | actor=ai-system | context={"files_scanned": 5, "files_indexed": 1, "files_removed": 1, "duration_seconds": 0.008734941482543945}
2026-05-19 00:01:35 [[32mINFO[0m] emo-ai.indexer (repository_indexer.py:501): Repository scan completed in 0.01s. Indexed: 1, Skipped: 1, Removed: 1, Errors: 2
2026-05-19 00:02:00 [[32mINFO[0m] emo-ai.indexer (repository_indexer.py:63): RepositoryIndexer initialized for /var/folders/78/ggfty0h91k797r7nkl3qmdf80000gn/T/tmpp3x2r5yf
2026-05-19 00:02:00 [[32mINFO[0m] emo-ai.indexer (repository_indexer.py:393): Starting repository scan (force_full=False)
2026-05-19 00:02:00 [[32mINFO[0m] emo-ai.decisions (ai_logging.py:130): decision_type=repository_indexing | description=Repository indexing completed | actor=ai-system | context={"files_scanned": 5, "files_indexed": 3, "files_removed": 1, "duration_seconds": 0.00851893424987793}
2026-05-19 00:02:00 [[32mINFO[0m] emo-ai.indexer (repository_indexer.py:502): Repository scan completed in 0.01s. Indexed: 3, Skipped: 1, Removed: 1, Errors: 0
2026-05-19 00:02:07 [[32mINFO[0m] emo-ai.indexer (repository_indexer.py:63): RepositoryIndexer initialized for /var/folders/78/ggfty0h91k797r7nkl3qmdf80000gn/T/tmppbofb_r1
2026-05-19 00:02:07 [[32mINFO[0m] emo-ai.indexer (repository_indexer.py:393): Starting repository scan (force_full=False)
2026-05-19 00:02:07 [[32mINFO[0m] emo-ai.decisions (ai_logging.py:130): decision_type=repository_indexing | description=Repository indexing completed | actor=ai-system | context={"files_scanned": 2, "files_indexed": 1, "files_removed": 1, "duration_seconds": 0.004287004470825195}
2026-05-19 00:02:07 [[32mINFO[0m] emo-ai.indexer (repository_indexer.py:502): Repository scan completed in 0.00s. Indexed: 1, Skipped: 0, Removed: 1, Errors: 0
2026-05-19 00:31:33 [[32mINFO[0m] emo-ai.indexer (repository_indexer.py:65): RepositoryIndexer initialized for /var/folders/78/ggfty0h91k797r7nkl3qmdf80000gn/T/tmpdpsvivdl
2026-05-19 00:31:33 [[32mINFO[0m] emo-ai.indexer (repository_indexer.py:426): Starting repository scan (force_full=False)
2026-05-19 00:31:33 [[32mINFO[0m] emo-ai.indexer (repository_indexer.py:772): Resolved 2 cross-file symbol edges
2026-05-19 00:31:33 [[32mINFO[0m] emo-ai.decisions (ai_logging.py:130): decision_type=repository_indexing | description=Repository indexing completed | actor=ai-system | context={"files_scanned": 4, "files_indexed": 3, "files_removed": 1, "duration_seconds": 0.01157379150390625}
2026-05-19 00:31:33 [[32mINFO[0m] emo-ai.indexer (repository_indexer.py:538): Repository scan completed in 0.01s. Indexed: 3, Skipped: 0, Removed: 1, Errors: 0
2026-05-19 00:32:11 [[32mINFO[0m] emo-ai.indexer (repository_indexer.py:65): RepositoryIndexer initialized for /var/folders/78/ggfty0h91k797r7nkl3qmdf80000gn/T/tmpcqwxequs
2026-05-19 00:32:11 [[32mINFO[0m] emo-ai.indexer (repository_indexer.py:426): Starting repository scan (force_full=False)
2026-05-19 00:32:11 [[32mINFO[0m] emo-ai.indexer (repository_indexer.py:772): Resolved 2 cross-file symbol edges
2026-05-19 00:32:11 [[32mINFO[0m] emo-ai.decisions (ai_logging.py:130): decision_type=repository_indexing | description=Repository indexing completed | actor=ai-system | context={"files_scanned": 4, "files_indexed": 3, "files_removed": 1, "duration_seconds": 0.011626958847045898}
2026-05-19 00:32:11 [[32mINFO[0m] emo-ai.indexer (repository_indexer.py:538): Repository scan completed in 0.01s. Indexed: 3, Skipped: 0, Removed: 1, Errors: 0
2026-05-19 00:33:15 [[32mINFO[0m] emo-ai.indexer (repository_indexer.py:65): RepositoryIndexer initialized for /var/folders/78/ggfty0h91k797r7nkl3qmdf80000gn/T/tmpalaxkdj8/repo
2026-05-19 00:33:15 [[32mINFO[0m] emo-ai.indexer (repository_indexer.py:426): Starting repository scan (force_full=False)
2026-05-19 00:33:15 [[32mINFO[0m] emo-ai.indexer (repository_indexer.py:772): Resolved 2 cross-file symbol edges
2026-05-19 00:33:15 [[32mINFO[0m] emo-ai.decisions (ai_logging.py:130): decision_type=repository_indexing | description=Repository indexing completed | actor=ai-system | context={"files_scanned": 3, "files_indexed": 3, "files_removed": 0, "duration_seconds": 0.009692192077636719}
2026-05-19 00:33:15 [[32mINFO[0m] emo-ai.indexer (repository_indexer.py:538): Repository scan completed in 0.01s. Indexed: 3, Skipped: 0, Removed: 0, Errors: 0
2026-05-19 00:33:40 [[32mINFO[0m] emo-ai.indexer (repository_indexer.py:65): RepositoryIndexer initialized for /var/folders/78/ggfty0h91k797r7nkl3qmdf80000gn/T/tmpxu9r2x4b/repo
2026-05-19 00:33:40 [[32mINFO[0m] emo-ai.indexer (repository_indexer.py:426): Starting repository scan (force_full=False)
2026-05-19 00:33:40 [[32mINFO[0m] emo-ai.indexer (repository_indexer.py:770): Resolved 1 cross-file symbol edges
2026-05-19 00:33:40 [[32mINFO[0m] emo-ai.decisions (ai_logging.py:130): decision_type=repository_indexing | description=Repository indexing completed | actor=ai-system | context={"files_scanned": 2, "files_indexed": 2, "files_removed": 0, "duration_seconds": 0.0059549808502197266}
2026-05-19 00:33:40 [[32mINFO[0m] emo-ai.indexer (repository_indexer.py:538): Repository scan completed in 0.01s. Indexed: 2, Skipped: 0, Removed: 0, Errors: 0
2026-05-19 00:33:40 [[32mINFO[0m] emo-ai.indexer (repository_indexer.py:426): Starting repository scan (force_full=False)
2026-05-19 00:33:40 [[32mINFO[0m] emo-ai.decisions (ai_logging.py:130): decision_type=repository_indexing | description=Repository indexing completed | actor=ai-system | context={"files_scanned": 2, "files_indexed": 1, "files_removed": 0, "duration_seconds": 0.002602100372314453}
2026-05-19 00:33:40 [[32mINFO[0m] emo-ai.indexer (repository_indexer.py:538): Repository scan completed in 0.00s. Indexed: 1, Skipped: 1, Removed: 0, Errors: 0
2026-05-19 00:33:46 [[32mINFO[0m] emo-ai.indexer (repository_indexer.py:65): RepositoryIndexer initialized for /var/folders/78/ggfty0h91k797r7nkl3qmdf80000gn/T/tmpvgervwr7/repo
2026-05-19 00:33:46 [[32mINFO[0m] emo-ai.indexer (repository_indexer.py:426): Starting repository scan (force_full=False)
2026-05-19 00:33:46 [[32mINFO[0m] emo-ai.indexer (repository_indexer.py:770): Resolved 1 cross-file symbol edges
2026-05-19 00:33:46 [[32mINFO[0m] emo-ai.decisions (ai_logging.py:130): decision_type=repository_indexing | description=Repository indexing completed | actor=ai-system | context={"files_scanned": 2, "files_indexed": 2, "files_removed": 0, "duration_seconds": 0.010524988174438477}
2026-05-19 00:33:46 [[32mINFO[0m] emo-ai.indexer (repository_indexer.py:538): Repository scan completed in 0.01s. Indexed: 2, Skipped: 0, Removed: 0, Errors: 0
2026-05-19 00:33:46 [[32mINFO[0m] emo-ai.indexer (repository_indexer.py:426): Starting repository scan (force_full=False)
2026-05-19 00:33:46 [[32mINFO[0m] emo-ai.decisions (ai_logging.py:130): decision_type=repository_indexing | description=Repository indexing completed | actor=ai-system | context={"files_scanned": 1, "files_indexed": 0, "files_removed": 1, "duration_seconds": 0.0016360282897949219}
2026-05-19 00:33:46 [[32mINFO[0m] emo-ai.indexer (repository_indexer.py:538): Repository scan completed in 0.00s. Indexed: 0, Skipped: 1, Removed: 1, Errors: 0
2026-05-19 00:33:52 [[32mINFO[0m] emo-ai.indexer (repository_indexer.py:65): RepositoryIndexer initialized for /var/folders/78/ggfty0h91k797r7nkl3qmdf80000gn/T/tmpws344vlh/repo
2026-05-19 00:33:52 [[32mINFO[0m] emo-ai.indexer (repository_indexer.py:426): Starting repository scan (force_full=False)
2026-05-19 00:33:52 [[32mINFO[0m] emo-ai.indexer (repository_indexer.py:770): Resolved 1 cross-file symbol edges
2026-05-19 00:33:52 [[32mINFO[0m] emo-ai.decisions (ai_logging.py:130): decision_type=repository_indexing | description=Repository indexing completed | actor=ai-system | context={"files_scanned": 2, "files_indexed": 2, "files_removed": 0, "duration_seconds": 0.0063130855560302734}
2026-05-19 00:33:52 [[32mINFO[0m] emo-ai.indexer (repository_indexer.py:538): Repository scan completed in 0.01s. Indexed: 2, Skipped: 0, Removed: 0, Errors: 0
2026-05-19 00:33:52 [[32mINFO[0m] emo-ai.indexer (repository_indexer.py:426): Starting repository scan (force_full=False)
2026-05-19 00:33:52 [[32mINFO[0m] emo-ai.indexer (repository_indexer.py:770): Resolved 1 cross-file symbol edges
2026-05-19 00:33:52 [[32mINFO[0m] emo-ai.decisions (ai_logging.py:130): decision_type=repository_indexing | description=Repository indexing completed | actor=ai-system | context={"files_scanned": 2, "files_indexed": 1, "files_removed": 0, "duration_seconds": 0.003997087478637695}
2026-05-19 00:33:52 [[32mINFO[0m] emo-ai.indexer (repository_indexer.py:538): Repository scan completed in 0.00s. Indexed: 1, Skipped: 1, Removed: 0, Errors: 0
2026-05-19 00:34:08 [[32mINFO[0m] emo-ai.indexer (repository_indexer.py:65): RepositoryIndexer initialized for /var/folders/78/ggfty0h91k797r7nkl3qmdf80000gn/T/tmpwdqwpnul/repo
2026-05-19 00:34:08 [[32mINFO[0m] emo-ai.indexer (repository_indexer.py:426): Starting repository scan (force_full=False)
2026-05-19 00:34:08 [[32mINFO[0m] emo-ai.indexer (repository_indexer.py:770): Resolved 1 cross-file symbol edges
2026-05-19 00:34:08 [[32mINFO[0m] emo-ai.decisions (ai_logging.py:130): decision_type=repository_indexing | description=Repository indexing completed | actor=ai-system | context={"files_scanned": 2, "files_indexed": 2, "files_removed": 0, "duration_seconds": 0.004747867584228516}
2026-05-19 00:34:08 [[32mINFO[0m] emo-ai.indexer (repository_indexer.py:538): Repository scan completed in 0.00s. Indexed: 2, Skipped: 0, Removed: 0, Errors: 0
2026-05-19 00:34:08 [[32mINFO[0m] emo-ai.indexer (repository_indexer.py:426): Starting repository scan (force_full=False)
2026-05-19 00:34:08 [[32mINFO[0m] emo-ai.indexer (repository_indexer.py:770): Resolved 1 cross-file symbol edges
2026-05-19 00:34:08 [[32mINFO[0m] emo-ai.decisions (ai_logging.py:130): decision_type=repository_indexing | description=Repository indexing completed | actor=ai-system | context={"files_scanned": 2, "files_indexed": 1, "files_removed": 0, "duration_seconds": 0.0026369094848632812}
2026-05-19 00:34:08 [[32mINFO[0m] emo-ai.indexer (repository_indexer.py:538): Repository scan completed in 0.00s. Indexed: 1, Skipped: 1, Removed: 0, Errors: 0
2026-05-19 00:34:37 [[32mINFO[0m] emo-ai.indexer (repository_indexer.py:65): RepositoryIndexer initialized for /var/folders/78/ggfty0h91k797r7nkl3qmdf80000gn/T/tmpjv5swd_n/repo
2026-05-19 00:34:37 [[32mINFO[0m] emo-ai.indexer (repository_indexer.py:426): Starting repository scan (force_full=False)
2026-05-19 00:34:37 [[32mINFO[0m] emo-ai.indexer (repository_indexer.py:770): Resolved 1 cross-file symbol edges
2026-05-19 00:34:37 [[32mINFO[0m] emo-ai.decisions (ai_logging.py:130): decision_type=repository_indexing | description=Repository indexing completed | actor=ai-system | context={"files_scanned": 2, "files_indexed": 2, "files_removed": 0, "duration_seconds": 0.00531315803527832}
2026-05-19 00:34:37 [[32mINFO[0m] emo-ai.indexer (repository_indexer.py:538): Repository scan completed in 0.01s. Indexed: 2, Skipped: 0, Removed: 0, Errors: 0
2026-05-19 00:34:37 [[32mINFO[0m] emo-ai.indexer (repository_indexer.py:426): Starting repository scan (force_full=False)
2026-05-19 00:34:37 [[32mINFO[0m] emo-ai.indexer (repository_indexer.py:770): Resolved 1 cross-file symbol edges
2026-05-19 00:34:37 [[32mINFO[0m] emo-ai.decisions (ai_logging.py:130): decision_type=repository_indexing | description=Repository indexing completed | actor=ai-system | context={"files_scanned": 2, "files_indexed": 1, "files_removed": 0, "duration_seconds": 0.002686023712158203}
2026-05-19 00:34:37 [[32mINFO[0m] emo-ai.indexer (repository_indexer.py:538): Repository scan completed in 0.00s. Indexed: 1, Skipped: 1, Removed: 0, Errors: 0
2026-05-19 00:35:05 [[32mINFO[0m] emo-ai.indexer (repository_indexer.py:65): RepositoryIndexer initialized for /var/folders/78/ggfty0h91k797r7nkl3qmdf80000gn/T/tmp4kj96_nu/repo
2026-05-19 00:35:05 [[32mINFO[0m] emo-ai.indexer (repository_indexer.py:462): Starting repository scan (force_full=False)
2026-05-19 00:35:05 [[32mINFO[0m] emo-ai.indexer (repository_indexer.py:806): Resolved 1 cross-file symbol edges
2026-05-19 00:35:05 [[32mINFO[0m] emo-ai.decisions (ai_logging.py:130): decision_type=repository_indexing | description=Repository indexing completed | actor=ai-system | context={"files_scanned": 2, "files_indexed": 2, "files_removed": 0, "duration_seconds": 0.005239009857177734}
2026-05-19 00:35:05 [[32mINFO[0m] emo-ai.indexer (repository_indexer.py:574): Repository scan completed in 0.01s. Indexed: 2, Skipped: 0, Removed: 0, Errors: 0
2026-05-19 00:35:05 [[32mINFO[0m] emo-ai.indexer (repository_indexer.py:462): Starting repository scan (force_full=False)
2026-05-19 00:35:05 [[32mINFO[0m] emo-ai.indexer (repository_indexer.py:806): Resolved 1 cross-file symbol edges
2026-05-19 00:35:05 [[32mINFO[0m] emo-ai.decisions (ai_logging.py:130): decision_type=repository_indexing | description=Repository indexing completed | actor=ai-system | context={"files_scanned": 2, "files_indexed": 1, "files_removed": 0, "duration_seconds": 0.003103971481323242}
2026-05-19 00:35:05 [[32mINFO[0m] emo-ai.indexer (repository_indexer.py:574): Repository scan completed in 0.00s. Indexed: 1, Skipped: 1, Removed: 0, Errors: 0
2026-05-19 00:35:12 [[32mINFO[0m] emo-ai.indexer (repository_indexer.py:65): RepositoryIndexer initialized for /var/folders/78/ggfty0h91k797r7nkl3qmdf80000gn/T/tmp0xrx2682/repo
2026-05-19 00:35:12 [[32mINFO[0m] emo-ai.indexer (repository_indexer.py:462): Starting repository scan (force_full=False)
2026-05-19 00:35:12 [[32mINFO[0m] emo-ai.indexer (repository_indexer.py:806): Resolved 2 cross-file symbol edges
2026-05-19 00:35:12 [[32mINFO[0m] emo-ai.decisions (ai_logging.py:130): decision_type=repository_indexing | description=Repository indexing completed | actor=ai-system | context={"files_scanned": 3, "files_indexed": 3, "files_removed": 0, "duration_seconds": 0.008458137512207031}
2026-05-19 00:35:12 [[32mINFO[0m] emo-ai.indexer (repository_indexer.py:574): Repository scan completed in 0.01s. Indexed: 3, Skipped: 0, Removed: 0, Errors: 0
2026-05-19 00:35:12 [[32mINFO[0m] emo-ai.indexer (repository_indexer.py:462): Starting repository scan (force_full=False)
2026-05-19 00:35:12 [[32mINFO[0m] emo-ai.decisions (ai_logging.py:130): decision_type=repository_indexing | description=Repository indexing completed | actor=ai-system | context={"files_scanned": 3, "files_indexed": 1, "files_removed": 0, "duration_seconds": 0.005023956298828125}
2026-05-19 00:35:12 [[32mINFO[0m] emo-ai.indexer (repository_indexer.py:574): Repository scan completed in 0.01s. Indexed: 1, Skipped: 2, Removed: 0, Errors: 0
2026-05-19 00:54:24 [[32mINFO[0m] emo-ai.indexer (repository_indexer.py:65): RepositoryIndexer initialized for /var/folders/78/ggfty0h91k797r7nkl3qmdf80000gn/T/tmpctikdp68/testproj
2026-05-19 00:54:32 [[32mINFO[0m] emo-ai.indexer (repository_indexer.py:65): RepositoryIndexer initialized for /var/folders/78/ggfty0h91k797r7nkl3qmdf80000gn/T/tmphxv1s40m/testproj
2026-05-19 00:54:32 [[32mINFO[0m] emo-ai.indexer (repository_indexer.py:468): Starting repository scan (force_full=True)
2026-05-19 00:54:32 [[32mINFO[0m] emo-ai.decisions (ai_logging.py:130): decision_type=repository_indexing | description=Repository indexing completed | actor=ai-system | context={"files_scanned": 2, "files_indexed": 1, "files_removed": 0, "duration_seconds": 0.09007000923156738}
2026-05-19 00:54:32 [[32mINFO[0m] emo-ai.indexer (repository_indexer.py:580): Repository scan completed in 0.09s. Indexed: 1, Skipped: 1, Removed: 0, Errors: 0
2026-05-19 01:10:24 [[32mINFO[0m] emo-ai.indexer (repository_indexer.py:65): RepositoryIndexer initialized for /var/folders/78/ggfty0h91k797r7nkl3qmdf80000gn/T/tmpd1k64fc6/testproj
2026-05-19 01:10:24 [[32mINFO[0m] emo-ai.indexer (repository_indexer.py:468): Starting repository scan (force_full=True)
2026-05-19 01:10:24 [[32mINFO[0m] emo-ai.indexer (repository_indexer.py:816): Resolved 4 cross-file symbol edges
2026-05-19 01:10:24 [[32mINFO[0m] emo-ai.decisions (ai_logging.py:130): decision_type=repository_indexing | description=Repository indexing completed | actor=ai-system | context={"files_scanned": 4, "files_indexed": 3, "files_removed": 0, "duration_seconds": 0.011645078659057617}
2026-05-19 01:10:24 [[32mINFO[0m] emo-ai.indexer (repository_indexer.py:580): Repository scan completed in 0.01s. Indexed: 3, Skipped: 1, Removed: 0, Errors: 0
2026-05-19 01:10:34 [[32mINFO[0m] emo-ai.indexer (repository_indexer.py:65): RepositoryIndexer initialized for /var/folders/78/ggfty0h91k797r7nkl3qmdf80000gn/T/tmp9izv167s/testproj2
2026-05-19 01:10:34 [[32mINFO[0m] emo-ai.indexer (repository_indexer.py:468): Starting repository scan (force_full=True)
2026-05-19 01:10:34 [[32mINFO[0m] emo-ai.indexer (repository_indexer.py:816): Resolved 2 cross-file symbol edges
2026-05-19 01:10:34 [[32mINFO[0m] emo-ai.decisions (ai_logging.py:130): decision_type=repository_indexing | description=Repository indexing completed | actor=ai-system | context={"files_scanned": 3, "files_indexed": 2, "files_removed": 0, "duration_seconds": 0.005474090576171875}
2026-05-19 01:10:34 [[32mINFO[0m] emo-ai.indexer (repository_indexer.py:580): Repository scan completed in 0.01s. Indexed: 2, Skipped: 1, Removed: 0, Errors: 0
2026-05-19 01:10:43 [[32mINFO[0m] emo-ai.indexer (repository_indexer.py:65): RepositoryIndexer initialized for /var/folders/78/ggfty0h91k797r7nkl3qmdf80000gn/T/tmpdnf6k8o0/testproj3
2026-05-19 01:10:43 [[32mINFO[0m] emo-ai.indexer (repository_indexer.py:468): Starting repository scan (force_full=True)
2026-05-19 01:10:43 [[32mINFO[0m] emo-ai.indexer (repository_indexer.py:816): Resolved 2 cross-file symbol edges
2026-05-19 01:10:43 [[32mINFO[0m] emo-ai.decisions (ai_logging.py:130): decision_type=repository_indexing | description=Repository indexing completed | actor=ai-system | context={"files_scanned": 3, "files_indexed": 2, "files_removed": 0, "duration_seconds": 0.005424022674560547}
2026-05-19 01:10:43 [[32mINFO[0m] emo-ai.indexer (repository_indexer.py:580): Repository scan completed in 0.01s. Indexed: 2, Skipped: 1, Removed: 0, Errors: 0
2026-05-19 01:22:58 [[32mINFO[0m] emo-ai.indexer (repository_indexer.py:65): RepositoryIndexer initialized for /var/folders/78/ggfty0h91k797r7nkl3qmdf80000gn/T/tmpbz873xyu/testproj
2026-05-19 01:22:58 [[32mINFO[0m] emo-ai.indexer (repository_indexer.py:468): Starting repository scan (force_full=True)
2026-05-19 01:22:58 [[31mERROR[0m] emo-ai.indexer (repository_indexer.py:589): Fatal error during repository scan: UNIQUE constraint failed: graph_edges.source_type, graph_edges.source_id, graph_edges.target_type, graph_edges.target_id, graph_edges.edge_type
Traceback (most recent call last):
  File "/Users/AI Workspace/Emo-AI/core/repository_indexer.py", line 547, in scan_and_index
    stats["edges_resolved"] = self.resolve_unresolved_edges()
                              ~~~~~~~~~~~~~~~~~~~~~~~~~~~~~^^
  File "/Users/AI Workspace/Emo-AI/core/repository_indexer.py", line 806, in resolve_unresolved_edges
    conn.execute(
    ~~~~~~~~~~~~^
        "UPDATE graph_edges SET target_id = ?, resolved = 1, updated_at = ? "
        ^^^^^^^^^^^^^^^^^^^^^^^^^^^^^^^^^^^^^^^^^^^^^^^^^^^^^^^^^^^^^^^^^^^^^
        "WHERE id = ?",
        ^^^^^^^^^^^^^^^
        (str(tgt_id), time.time(), edge_id),
        ^^^^^^^^^^^^^^^^^^^^^^^^^^^^^^^^^^^^
    )
    ^
sqlite3.IntegrityError: UNIQUE constraint failed: graph_edges.source_type, graph_edges.source_id, graph_edges.target_type, graph_edges.target_id, graph_edges.edge_type
2026-05-19 01:23:30 [[32mINFO[0m] emo-ai.indexer (repository_indexer.py:65): RepositoryIndexer initialized for /var/folders/78/ggfty0h91k797r7nkl3qmdf80000gn/T/tmplrrsk30k/testproj
2026-05-19 01:23:30 [[32mINFO[0m] emo-ai.indexer (repository_indexer.py:468): Starting repository scan (force_full=True)
2026-05-19 01:23:30 [[32mINFO[0m] emo-ai.indexer (repository_indexer.py:835): Resolved 6 cross-file symbol edges
2026-05-19 01:23:30 [[32mINFO[0m] emo-ai.decisions (ai_logging.py:130): decision_type=repository_indexing | description=Repository indexing completed | actor=ai-system | context={"files_scanned": 3, "files_indexed": 2, "files_removed": 0, "duration_seconds": 0.0071909427642822266}
2026-05-19 01:23:30 [[32mINFO[0m] emo-ai.indexer (repository_indexer.py:580): Repository scan completed in 0.01s. Indexed: 2, Skipped: 1, Removed: 0, Errors: 0
2026-05-19 01:23:36 [[32mINFO[0m] emo-ai.indexer (repository_indexer.py:65): RepositoryIndexer initialized for /var/folders/78/ggfty0h91k797r7nkl3qmdf80000gn/T/tmpqzk7jyxa/testproj
2026-05-19 01:23:36 [[32mINFO[0m] emo-ai.indexer (repository_indexer.py:468): Starting repository scan (force_full=True)
2026-05-19 01:23:36 [[32mINFO[0m] emo-ai.indexer (repository_indexer.py:835): Resolved 2 cross-file symbol edges
2026-05-19 01:23:36 [[32mINFO[0m] emo-ai.decisions (ai_logging.py:130): decision_type=repository_indexing | description=Repository indexing completed | actor=ai-system | context={"files_scanned": 3, "files_indexed": 2, "files_removed": 0, "duration_seconds": 0.005933046340942383}
2026-05-19 01:23:36 [[32mINFO[0m] emo-ai.indexer (repository_indexer.py:580): Repository scan completed in 0.01s. Indexed: 2, Skipped: 1, Removed: 0, Errors: 0
2026-05-19 01:23:45 [[32mINFO[0m] emo-ai.indexer (repository_indexer.py:65): RepositoryIndexer initialized for /var/folders/78/ggfty0h91k797r7nkl3qmdf80000gn/T/tmprl63zpwr/testproj
2026-05-19 01:23:45 [[32mINFO[0m] emo-ai.indexer (repository_indexer.py:468): Starting repository scan (force_full=True)
2026-05-19 01:23:45 [[32mINFO[0m] emo-ai.indexer (repository_indexer.py:835): Resolved 2 cross-file symbol edges
2026-05-19 01:23:45 [[32mINFO[0m] emo-ai.decisions (ai_logging.py:130): decision_type=repository_indexing | description=Repository indexing completed | actor=ai-system | context={"files_scanned": 3, "files_indexed": 2, "files_removed": 0, "duration_seconds": 0.005624055862426758}
2026-05-19 01:23:45 [[32mINFO[0m] emo-ai.indexer (repository_indexer.py:580): Repository scan completed in 0.01s. Indexed: 2, Skipped: 1, Removed: 0, Errors: 0
2026-05-19 01:24:03 [[32mINFO[0m] emo-ai.indexer (repository_indexer.py:65): RepositoryIndexer initialized for /var/folders/78/ggfty0h91k797r7nkl3qmdf80000gn/T/tmp96x9lzav/testproj
2026-05-19 01:24:03 [[32mINFO[0m] emo-ai.indexer (repository_indexer.py:468): Starting repository scan (force_full=True)
2026-05-19 01:24:03 [[32mINFO[0m] emo-ai.indexer (repository_indexer.py:835): Resolved 4 cross-file symbol edges
2026-05-19 01:24:03 [[32mINFO[0m] emo-ai.decisions (ai_logging.py:130): decision_type=repository_indexing | description=Repository indexing completed | actor=ai-system | context={"files_scanned": 3, "files_indexed": 2, "files_removed": 0, "duration_seconds": 0.006796121597290039}
2026-05-19 01:24:03 [[32mINFO[0m] emo-ai.indexer (repository_indexer.py:580): Repository scan completed in 0.01s. Indexed: 2, Skipped: 1, Removed: 0, Errors: 0
2026-05-19 01:24:13 [[32mINFO[0m] emo-ai.indexer (repository_indexer.py:65): RepositoryIndexer initialized for /var/folders/78/ggfty0h91k797r7nkl3qmdf80000gn/T/tmp54bpo9jm/testproj
2026-05-19 01:24:13 [[32mINFO[0m] emo-ai.indexer (repository_indexer.py:468): Starting repository scan (force_full=True)
2026-05-19 01:24:13 [[32mINFO[0m] emo-ai.indexer (repository_indexer.py:835): Resolved 1 cross-file symbol edges
2026-05-19 01:24:13 [[32mINFO[0m] emo-ai.decisions (ai_logging.py:130): decision_type=repository_indexing | description=Repository indexing completed | actor=ai-system | context={"files_scanned": 3, "files_indexed": 2, "files_removed": 0, "duration_seconds": 0.0059490203857421875}
2026-05-19 01:24:13 [[32mINFO[0m] emo-ai.indexer (repository_indexer.py:580): Repository scan completed in 0.01s. Indexed: 2, Skipped: 1, Removed: 0, Errors: 0
2026-05-19 01:24:25 [[32mINFO[0m] emo-ai.indexer (repository_indexer.py:65): RepositoryIndexer initialized for /var/folders/78/ggfty0h91k797r7nkl3qmdf80000gn/T/tmp3zw6x21f/testproj
2026-05-19 01:24:25 [[32mINFO[0m] emo-ai.indexer (repository_indexer.py:468): Starting repository scan (force_full=True)
2026-05-19 01:24:25 [[32mINFO[0m] emo-ai.indexer (repository_indexer.py:835): Resolved 3 cross-file symbol edges
2026-05-19 01:24:25 [[32mINFO[0m] emo-ai.decisions (ai_logging.py:130): decision_type=repository_indexing | description=Repository indexing completed | actor=ai-system | context={"files_scanned": 3, "files_indexed": 2, "files_removed": 0, "duration_seconds": 0.006900787353515625}
2026-05-19 01:24:25 [[32mINFO[0m] emo-ai.indexer (repository_indexer.py:580): Repository scan completed in 0.01s. Indexed: 2, Skipped: 1, Removed: 0, Errors: 0
2026-05-19 01:24:32 [[32mINFO[0m] emo-ai.indexer (repository_indexer.py:65): RepositoryIndexer initialized for /var/folders/78/ggfty0h91k797r7nkl3qmdf80000gn/T/tmp2v8s_ijs/testproj
2026-05-19 01:24:32 [[32mINFO[0m] emo-ai.indexer (repository_indexer.py:468): Starting repository scan (force_full=True)
2026-05-19 01:24:32 [[32mINFO[0m] emo-ai.indexer (repository_indexer.py:835): Resolved 3 cross-file symbol edges
2026-05-19 01:24:32 [[32mINFO[0m] emo-ai.decisions (ai_logging.py:130): decision_type=repository_indexing | description=Repository indexing completed | actor=ai-system | context={"files_scanned": 3, "files_indexed": 2, "files_removed": 0, "duration_seconds": 0.006991147994995117}
2026-05-19 01:24:32 [[32mINFO[0m] emo-ai.indexer (repository_indexer.py:580): Repository scan completed in 0.01s. Indexed: 2, Skipped: 1, Removed: 0, Errors: 0
2026-05-19 01:24:45 [[32mINFO[0m] emo-ai.indexer (repository_indexer.py:65): RepositoryIndexer initialized for /var/folders/78/ggfty0h91k797r7nkl3qmdf80000gn/T/tmpacgjwj5e/testproj
2026-05-19 01:24:45 [[32mINFO[0m] emo-ai.indexer (repository_indexer.py:468): Starting repository scan (force_full=True)
2026-05-19 01:24:45 [[32mINFO[0m] emo-ai.indexer (repository_indexer.py:835): Resolved 3 cross-file symbol edges
2026-05-19 01:24:45 [[32mINFO[0m] emo-ai.decisions (ai_logging.py:130): decision_type=repository_indexing | description=Repository indexing completed | actor=ai-system | context={"files_scanned": 3, "files_indexed": 2, "files_removed": 0, "duration_seconds": 0.007140159606933594}
2026-05-19 01:24:45 [[32mINFO[0m] emo-ai.indexer (repository_indexer.py:580): Repository scan completed in 0.01s. Indexed: 2, Skipped: 1, Removed: 0, Errors: 0
2026-05-19 01:24:56 [[32mINFO[0m] emo-ai.indexer (repository_indexer.py:65): RepositoryIndexer initialized for /var/folders/78/ggfty0h91k797r7nkl3qmdf80000gn/T/tmpelsu4rom/testproj
2026-05-19 01:24:56 [[32mINFO[0m] emo-ai.indexer (repository_indexer.py:468): Starting repository scan (force_full=True)
2026-05-19 01:24:56 [[32mINFO[0m] emo-ai.indexer (repository_indexer.py:835): Resolved 1 cross-file symbol edges
2026-05-19 01:24:56 [[32mINFO[0m] emo-ai.decisions (ai_logging.py:130): decision_type=repository_indexing | description=Repository indexing completed | actor=ai-system | context={"files_scanned": 3, "files_indexed": 2, "files_removed": 0, "duration_seconds": 0.005366086959838867}
2026-05-19 01:24:56 [[32mINFO[0m] emo-ai.indexer (repository_indexer.py:580): Repository scan completed in 0.01s. Indexed: 2, Skipped: 1, Removed: 0, Errors: 0
2026-05-19 01:25:26 [[32mINFO[0m] emo-ai.indexer (repository_indexer.py:65): RepositoryIndexer initialized for /var/folders/78/ggfty0h91k797r7nkl3qmdf80000gn/T/tmp_0puiwqb/testproj
2026-05-19 01:25:26 [[32mINFO[0m] emo-ai.indexer (repository_indexer.py:468): Starting repository scan (force_full=True)
2026-05-19 01:25:26 [[32mINFO[0m] emo-ai.indexer (repository_indexer.py:835): Resolved 3 cross-file symbol edges
2026-05-19 01:25:26 [[32mINFO[0m] emo-ai.decisions (ai_logging.py:130): decision_type=repository_indexing | description=Repository indexing completed | actor=ai-system | context={"files_scanned": 3, "files_indexed": 2, "files_removed": 0, "duration_seconds": 0.009476184844970703}
2026-05-19 01:25:26 [[32mINFO[0m] emo-ai.indexer (repository_indexer.py:580): Repository scan completed in 0.01s. Indexed: 2, Skipped: 1, Removed: 0, Errors: 0
2026-05-19 01:25:49 [[32mINFO[0m] emo-ai.indexer (repository_indexer.py:65): RepositoryIndexer initialized for /var/folders/78/ggfty0h91k797r7nkl3qmdf80000gn/T/tmpcglpd21_/testproj
2026-05-19 01:25:49 [[32mINFO[0m] emo-ai.indexer (repository_indexer.py:468): Starting repository scan (force_full=True)
2026-05-19 01:25:50 [[32mINFO[0m] emo-ai.indexer (repository_indexer.py:835): Resolved 1 cross-file symbol edges
2026-05-19 01:25:50 [[32mINFO[0m] emo-ai.decisions (ai_logging.py:130): decision_type=repository_indexing | description=Repository indexing completed | actor=ai-system | context={"files_scanned": 3, "files_indexed": 2, "files_removed": 0, "duration_seconds": 0.009617090225219727}
2026-05-19 01:25:50 [[32mINFO[0m] emo-ai.indexer (repository_indexer.py:580): Repository scan completed in 0.01s. Indexed: 2, Skipped: 1, Removed: 0, Errors: 0
2026-05-19 01:33:05 [[32mINFO[0m] emo-ai.indexer (repository_indexer.py:65): RepositoryIndexer initialized for /var/folders/78/ggfty0h91k797r7nkl3qmdf80000gn/T/tmp5wb0ojxc/testproj
2026-05-19 01:33:05 [[32mINFO[0m] emo-ai.indexer (repository_indexer.py:468): Starting repository scan (force_full=True)
2026-05-19 01:33:05 [[32mINFO[0m] emo-ai.indexer (repository_indexer.py:835): Resolved 3 cross-file symbol edges
2026-05-19 01:33:05 [[32mINFO[0m] emo-ai.decisions (ai_logging.py:130): decision_type=repository_indexing | description=Repository indexing completed | actor=ai-system | context={"files_scanned": 3, "files_indexed": 2, "files_removed": 0, "duration_seconds": 0.008249998092651367}
2026-05-19 01:33:05 [[32mINFO[0m] emo-ai.indexer (repository_indexer.py:580): Repository scan completed in 0.01s. Indexed: 2, Skipped: 1, Removed: 0, Errors: 0
2026-05-19 01:33:47 [[32mINFO[0m] emo-ai.indexer (repository_indexer.py:65): RepositoryIndexer initialized for /var/folders/78/ggfty0h91k797r7nkl3qmdf80000gn/T/tmp_dn64yol/testproj
2026-05-19 01:33:47 [[32mINFO[0m] emo-ai.indexer (repository_indexer.py:468): Starting repository scan (force_full=True)
2026-05-19 01:33:47 [[32mINFO[0m] emo-ai.indexer (repository_indexer.py:835): Resolved 3 cross-file symbol edges
2026-05-19 01:33:47 [[32mINFO[0m] emo-ai.decisions (ai_logging.py:130): decision_type=repository_indexing | description=Repository indexing completed | actor=ai-system | context={"files_scanned": 3, "files_indexed": 2, "files_removed": 0, "duration_seconds": 0.008504152297973633}
2026-05-19 01:33:47 [[32mINFO[0m] emo-ai.indexer (repository_indexer.py:580): Repository scan completed in 0.01s. Indexed: 2, Skipped: 1, Removed: 0, Errors: 0
2026-05-19 01:34:36 [[32mINFO[0m] emo-ai.indexer (repository_indexer.py:65): RepositoryIndexer initialized for /var/folders/78/ggfty0h91k797r7nkl3qmdf80000gn/T/tmpdr28o0pi/testproj
2026-05-19 01:34:36 [[32mINFO[0m] emo-ai.indexer (repository_indexer.py:468): Starting repository scan (force_full=True)
2026-05-19 01:34:36 [[32mINFO[0m] emo-ai.indexer (repository_indexer.py:835): Resolved 3 cross-file symbol edges
2026-05-19 01:34:36 [[32mINFO[0m] emo-ai.decisions (ai_logging.py:130): decision_type=repository_indexing | description=Repository indexing completed | actor=ai-system | context={"files_scanned": 3, "files_indexed": 2, "files_removed": 0, "duration_seconds": 0.006941080093383789}
2026-05-19 01:34:36 [[32mINFO[0m] emo-ai.indexer (repository_indexer.py:580): Repository scan completed in 0.01s. Indexed: 2, Skipped: 1, Removed: 0, Errors: 0
2026-05-19 03:51:31 [[32mINFO[0m] emo-ai.init (ai_init.py:147): Initializing AI Code Intelligence Layer...
2026-05-19 03:51:31 [[32mINFO[0m] emo-ai.init (ai_init.py:77): Loaded AI configuration from .ai/config.json
2026-05-19 03:51:31 [[32mINFO[0m] emo-ai.decisions (ai_logging.py:130): decision_type=layer_initialization | description=AI Code Intelligence Layer initialized | actor=ai-system | context=Version: 1.0.0, Root: /Users/AI Workspace/Emo-AI
2026-05-19 03:51:31 [[32mINFO[0m] emo-ai.init (ai_init.py:162): AI Code Intelligence Layer initialized successfully
