2026-05-18 08:12:23 [[31mERROR[0m] emo-ai.indexer (repository_indexer.py:441): Error processing /Users/AI Workspace/Emo-AI/EMO_AI_ORCHESTRATOR_REFERENCE.pdf: database is locked
2026-05-18 08:12:29 [[31mERROR[0m] emo-ai.indexer (repository_indexer.py:441): Error processing /Users/AI Workspace/Emo-AI/.emo_chat_history.json: database is locked
2026-05-18 08:12:34 [[31mERROR[0m] emo-ai.indexer (repository_indexer.py:441): Error processing /Users/AI Workspace/Emo-AI/.DS_Store: database is locked
2026-05-18 08:12:39 [[31mERROR[0m] emo-ai.indexer (repository_indexer.py:441): Error processing /Users/AI Workspace/Emo-AI/PHASE_3_SUMMARY.md: database is locked
2026-05-18 08:12:45 [[31mERROR[0m] emo-ai.indexer (repository_indexer.py:441): Error processing /Users/AI Workspace/Emo-AI/emo_ai.db: database is locked
2026-05-18 08:12:50 [[31mERROR[0m] emo-ai.indexer (repository_indexer.py:441): Error processing /Users/AI Workspace/Emo-AI/pytest.ini: database is locked
2026-05-18 08:12:56 [[31mERROR[0m] emo-ai.indexer (repository_indexer.py:441): Error processing /Users/AI Workspace/Emo-AI/LICENSE: database is locked
2026-05-18 08:13:01 [[31mERROR[0m] emo-ai.indexer (repository_indexer.py:441): Error processing /Users/AI Workspace/Emo-AI/tray.py: database is locked
2026-05-18 08:13:06 [[31mERROR[0m] emo-ai.indexer (repository_indexer.py:441): Error processing /Users/AI Workspace/Emo-AI/requirements.txt: database is locked
2026-05-18 08:13:11 [[31mERROR[0m] emo-ai.indexer (repository_indexer.py:441): Error processing /Users/AI Workspace/Emo-AI/memory.py: database is locked
2026-05-18 08:13:17 [[31mERROR[0m] emo-ai.indexer (repository_indexer.py:441): Error processing /Users/AI Workspace/Emo-AI/CHANGELOG.md: database is locked
2026-05-18 08:13:22 [[31mERROR[0m] emo-ai.indexer (repository_indexer.py:441): Error processing /Users/AI Workspace/Emo-AI/Dockerfile: database is locked
2026-05-18 08:13:27 [[31mERROR[0m] emo-ai.indexer (repository_indexer.py:441): Error processing /Users/AI Workspace/Emo-AI/tools.py: database is locked
2026-05-18 08:13:32 [[31mERROR[0m] emo-ai.indexer (repository_indexer.py:441): Error processing /Users/AI Workspace/Emo-AI/firebase_tools.py: database is locked
2026-05-18 08:13:38 [[31mERROR[0m] emo-ai.indexer (repository_indexer.py:441): Error processing /Users/AI Workspace/Emo-AI/devops_tools.py: database is locked
2026-05-18 08:13:43 [[31mERROR[0m] emo-ai.indexer (repository_indexer.py:441): Error processing /Users/AI Workspace/Emo-AI/PHASE_1_SUMMARY.md: database is locked
2026-05-18 08:13:48 [[31mERROR[0m] emo-ai.indexer (repository_indexer.py:441): Error processing /Users/AI Workspace/Emo-AI/DEVELOPER.md: database is locked
2026-05-18 08:13:53 [[31mERROR[0m] emo-ai.indexer (repository_indexer.py:441): Error processing /Users/AI Workspace/Emo-AI/supabase_tools.py: database is locked
2026-05-18 08:13:58 [[31mERROR[0m] emo-ai.indexer (repository_indexer.py:441): Error processing /Users/AI Workspace/Emo-AI/PHASE_2_SUMMARY.md: database is locked
2026-05-18 08:14:04 [[31mERROR[0m] emo-ai.indexer (repository_indexer.py:441): Error processing /Users/AI Workspace/Emo-AI/README.md: database is locked
2026-05-18 08:14:09 [[31mERROR[0m] emo-ai.indexer (repository_indexer.py:441): Error processing /Users/AI Workspace/Emo-AI/brain.py: database is locked
2026-05-18 08:14:14 [[31mERROR[0m] emo-ai.indexer (repository_indexer.py:441): Error processing /Users/AI Workspace/Emo-AI/setup.py: database is locked
2026-05-19 00:01:35 [[31mERROR[0m] emo-ai.indexer (repository_indexer.py:548): Error parsing file /var/folders/78/ggfty0h91k797r7nkl3qmdf80000gn/T/tmpdt6v9ses/utils.py: UNIQUE constraint failed: file_metadata.file_id
2026-05-19 00:01:35 [[31mERROR[0m] emo-ai.indexer (repository_indexer.py:443): Error parsing utils.py: UNIQUE constraint failed: file_metadata.file_id
2026-05-19 00:01:35 [[31mERROR[0m] emo-ai.indexer (repository_indexer.py:548): Error parsing file /var/folders/78/ggfty0h91k797r7nkl3qmdf80000gn/T/tmpdt6v9ses/main.py: UNIQUE constraint failed: file_metadata.file_id
2026-05-19 00:01:35 [[31mERROR[0m] emo-ai.indexer (repository_indexer.py:443): Error parsing main.py: UNIQUE constraint failed: file_metadata.file_id
2026-05-19 01:22:58 [[31mERROR[0m] emo-ai.indexer (repository_indexer.py:589): Fatal error during repository scan: UNIQUE constraint failed: graph_edges.source_type, graph_edges.source_id, graph_edges.target_type, graph_edges.target_id, graph_edges.edge_type
Traceback (most recent call last):
  File "/Users/AI Workspace/Emo-AI/core/repository_indexer.py", line 547, in scan_and_index
    stats["edges_resolved"] = self.resolve_unresolved_edges()
                              ~~~~~~~~~~~~~~~~~~~~~~~~~~~~~^^
  File "/Users/AI Workspace/Emo-AI/core/repository_indexer.py", line 806, in resolve_unresolved_edges
    conn.execute(
    ~~~~~~~~~~~~^
        "UPDATE graph_edges SET target_id = ?, resolved = 1, updated_at = ? "
        ^^^^^^^^^^^^^^^^^^^^^^^^^^^^^^^^^^^^^^^^^^^^^^^^^^^^^^^^^^^^^^^^^^^^^
        "WHERE id = ?",
        ^^^^^^^^^^^^^^^
        (str(tgt_id), time.time(), edge_id),
        ^^^^^^^^^^^^^^^^^^^^^^^^^^^^^^^^^^^^
    )
    ^
sqlite3.IntegrityError: UNIQUE constraint failed: graph_edges.source_type, graph_edges.source_id, graph_edges.target_type, graph_edges.target_id, graph_edges.edge_type
