# execution_order_trace.log тАФ AUDIT-CLOSURE-E1-007
# Generated: 2026-05-21T19:23:13.188070Z
# Nodes: ['N1', 'N2', 'N3', 'N4', 'N5', 'N6', 'N7', 'N8', 'N9', 'N10']

   1 | тЬЕ | N1 тЖТ N2 тЖТ N3 тЖТ N4 тЖТ N5 тЖТ N6 тЖТ N7 тЖТ N8 тЖТ N9 тЖТ N10
   2 | тЬЕ | N1 тЖТ N2 тЖТ N3 тЖТ N4 тЖТ N5 тЖТ N6 тЖТ N7 тЖТ N8 тЖТ N9 тЖТ N10
   3 | тЬЕ | N1 тЖТ N2 тЖТ N3 тЖТ N4 тЖТ N5 тЖТ N6 тЖТ N7 тЖТ N8 тЖТ N9 тЖТ N10
   4 | тЬЕ | N1 тЖТ N2 тЖТ N3 тЖТ N4 тЖТ N5 тЖТ N6 тЖТ N7 тЖТ N8 тЖТ N9 тЖТ N10
   5 | тЬЕ | N1 тЖТ N2 тЖТ N3 тЖТ N4 тЖТ N5 тЖТ N6 тЖТ N7 тЖТ N8 тЖТ N9 тЖТ N10
   6 | тЬЕ | N1 тЖТ N2 тЖТ N3 тЖТ N4 тЖТ N5 тЖТ N6 тЖТ N7 тЖТ N8 тЖТ N9 тЖТ N10
   7 | тЬЕ | N1 тЖТ N2 тЖТ N3 тЖТ N4 тЖТ N5 тЖТ N6 тЖТ N7 тЖТ N8 тЖТ N9 тЖТ N10
   8 | тЬЕ | N1 тЖТ N2 тЖТ N3 тЖТ N4 тЖТ N5 тЖТ N6 тЖТ N7 тЖТ N8 тЖТ N9 тЖТ N10
   9 | тЬЕ | N1 тЖТ N2 тЖТ N3 тЖТ N4 тЖТ N5 тЖТ N6 тЖТ N7 тЖТ N8 тЖТ N9 тЖТ N10
  10 | тЬЕ | N1 тЖТ N2 тЖТ N3 тЖТ N4 тЖТ N5 тЖТ N6 тЖТ N7 тЖТ N8 тЖТ N9 тЖТ N10
  11 | тЬЕ | N1 тЖТ N2 тЖТ N3 тЖТ N4 тЖТ N5 тЖТ N6 тЖТ N7 тЖТ N8 тЖТ N9 тЖТ N10
  12 | тЬЕ | N1 тЖТ N2 тЖТ N3 тЖТ N4 тЖТ N5 тЖТ N6 тЖТ N7 тЖТ N8 тЖТ N9 тЖТ N10
  13 | тЬЕ | N1 тЖТ N2 тЖТ N3 тЖТ N4 тЖТ N5 тЖТ N6 тЖТ N7 тЖТ N8 тЖТ N9 тЖТ N10
  14 | тЬЕ | N1 тЖТ N2 тЖТ N3 тЖТ N4 тЖТ N5 тЖТ N6 тЖТ N7 тЖТ N8 тЖТ N9 тЖТ N10
  15 | тЬЕ | N1 тЖТ N2 тЖТ N3 тЖТ N4 тЖТ N5 тЖТ N6 тЖТ N7 тЖТ N8 тЖТ N9 тЖТ N10
  16 | тЬЕ | N1 тЖТ N2 тЖТ N3 тЖТ N4 тЖТ N5 тЖТ N6 тЖТ N7 тЖТ N8 тЖТ N9 тЖТ N10
  17 | тЬЕ | N1 тЖТ N2 тЖТ N3 тЖТ N4 тЖТ N5 тЖТ N6 тЖТ N7 тЖТ N8 тЖТ N9 тЖТ N10
  18 | тЬЕ | N1 тЖТ N2 тЖТ N3 тЖТ N4 тЖТ N5 тЖТ N6 тЖТ N7 тЖТ N8 тЖТ N9 тЖТ N10
  19 | тЬЕ | N1 тЖТ N2 тЖТ N3 тЖТ N4 тЖТ N5 тЖТ N6 тЖТ N7 тЖТ N8 тЖТ N9 тЖТ N10
  20 | тЬЕ | N1 тЖТ N2 тЖТ N3 тЖТ N4 тЖТ N5 тЖТ N6 тЖТ N7 тЖТ N8 тЖТ N9 тЖТ N10
  21 | тЬЕ | N1 тЖТ N2 тЖТ N3 тЖТ N4 тЖТ N5 тЖТ N6 тЖТ N7 тЖТ N8 тЖТ N9 тЖТ N10
  22 | тЬЕ | N1 тЖТ N2 тЖТ N3 тЖТ N4 тЖТ N5 тЖТ N6 тЖТ N7 тЖТ N8 тЖТ N9 тЖТ N10
  23 | тЬЕ | N1 тЖТ N2 тЖТ N3 тЖТ N4 тЖТ N5 тЖТ N6 тЖТ N7 тЖТ N8 тЖТ N9 тЖТ N10
  24 | тЬЕ | N1 тЖТ N2 тЖТ N3 тЖТ N4 тЖТ N5 тЖТ N6 тЖТ N7 тЖТ N8 тЖТ N9 тЖТ N10
  25 | тЬЕ | N1 тЖТ N2 тЖТ N3 тЖТ N4 тЖТ N5 тЖТ N6 тЖТ N7 тЖТ N8 тЖТ N9 тЖТ N10
  26 | тЬЕ | N1 тЖТ N2 тЖТ N3 тЖТ N4 тЖТ N5 тЖТ N6 тЖТ N7 тЖТ N8 тЖТ N9 тЖТ N10
  27 | тЬЕ | N1 тЖТ N2 тЖТ N3 тЖТ N4 тЖТ N5 тЖТ N6 тЖТ N7 тЖТ N8 тЖТ N9 тЖТ N10
  28 | тЬЕ | N1 тЖТ N2 тЖТ N3 тЖТ N4 тЖТ N5 тЖТ N6 тЖТ N7 тЖТ N8 тЖТ N9 тЖТ N10
  29 | тЬЕ | N1 тЖТ N2 тЖТ N3 тЖТ N4 тЖТ N5 тЖТ N6 тЖТ N7 тЖТ N8 тЖТ N9 тЖТ N10
  30 | тЬЕ | N1 тЖТ N2 тЖТ N3 тЖТ N4 тЖТ N5 тЖТ N6 тЖТ N7 тЖТ N8 тЖТ N9 тЖТ N10
  31 | тЬЕ | N1 тЖТ N2 тЖТ N3 тЖТ N4 тЖТ N5 тЖТ N6 тЖТ N7 тЖТ N8 тЖТ N9 тЖТ N10
  32 | тЬЕ | N1 тЖТ N2 тЖТ N3 тЖТ N4 тЖТ N5 тЖТ N6 тЖТ N7 тЖТ N8 тЖТ N9 тЖТ N10
  33 | тЬЕ | N1 тЖТ N2 тЖТ N3 тЖТ N4 тЖТ N5 тЖТ N6 тЖТ N7 тЖТ N8 тЖТ N9 тЖТ N10
  34 | тЬЕ | N1 тЖТ N2 тЖТ N3 тЖТ N4 тЖТ N5 тЖТ N6 тЖТ N7 тЖТ N8 тЖТ N9 тЖТ N10
  35 | тЬЕ | N1 тЖТ N2 тЖТ N3 тЖТ N4 тЖТ N5 тЖТ N6 тЖТ N7 тЖТ N8 тЖТ N9 тЖТ N10
  36 | тЬЕ | N1 тЖТ N2 тЖТ N3 тЖТ N4 тЖТ N5 тЖТ N6 тЖТ N7 тЖТ N8 тЖТ N9 тЖТ N10
  37 | тЬЕ | N1 тЖТ N2 тЖТ N3 тЖТ N4 тЖТ N5 тЖТ N6 тЖТ N7 тЖТ N8 тЖТ N9 тЖТ N10
  38 | тЬЕ | N1 тЖТ N2 тЖТ N3 тЖТ N4 тЖТ N5 тЖТ N6 тЖТ N7 тЖТ N8 тЖТ N9 тЖТ N10
  39 | тЬЕ | N1 тЖТ N2 тЖТ N3 тЖТ N4 тЖТ N5 тЖТ N6 тЖТ N7 тЖТ N8 тЖТ N9 тЖТ N10
  40 | тЬЕ | N1 тЖТ N2 тЖТ N3 тЖТ N4 тЖТ N5 тЖТ N6 тЖТ N7 тЖТ N8 тЖТ N9 тЖТ N10
  41 | тЬЕ | N1 тЖТ N2 тЖТ N3 тЖТ N4 тЖТ N5 тЖТ N6 тЖТ N7 тЖТ N8 тЖТ N9 тЖТ N10
  42 | тЬЕ | N1 тЖТ N2 тЖТ N3 тЖТ N4 тЖТ N5 тЖТ N6 тЖТ N7 тЖТ N8 тЖТ N9 тЖТ N10
  43 | тЬЕ | N1 тЖТ N2 тЖТ N3 тЖТ N4 тЖТ N5 тЖТ N6 тЖТ N7 тЖТ N8 тЖТ N9 тЖТ N10
  44 | тЬЕ | N1 тЖТ N2 тЖТ N3 тЖТ N4 тЖТ N5 тЖТ N6 тЖТ N7 тЖТ N8 тЖТ N9 тЖТ N10
  45 | тЬЕ | N1 тЖТ N2 тЖТ N3 тЖТ N4 тЖТ N5 тЖТ N6 тЖТ N7 тЖТ N8 тЖТ N9 тЖТ N10
  46 | тЬЕ | N1 тЖТ N2 тЖТ N3 тЖТ N4 тЖТ N5 тЖТ N6 тЖТ N7 тЖТ N8 тЖТ N9 тЖТ N10
  47 | тЬЕ | N1 тЖТ N2 тЖТ N3 тЖТ N4 тЖТ N5 тЖТ N6 тЖТ N7 тЖТ N8 тЖТ N9 тЖТ N10
  48 | тЬЕ | N1 тЖТ N2 тЖТ N3 тЖТ N4 тЖТ N5 тЖТ N6 тЖТ N7 тЖТ N8 тЖТ N9 тЖТ N10
  49 | тЬЕ | N1 тЖТ N2 тЖТ N3 тЖТ N4 тЖТ N5 тЖТ N6 тЖТ N7 тЖТ N8 тЖТ N9 тЖТ N10
  50 | тЬЕ | N1 тЖТ N2 тЖТ N3 тЖТ N4 тЖТ N5 тЖТ N6 тЖТ N7 тЖТ N8 тЖТ N9 тЖТ N10
  51 | тЬЕ | N1 тЖТ N2 тЖТ N3 тЖТ N4 тЖТ N5 тЖТ N6 тЖТ N7 тЖТ N8 тЖТ N9 тЖТ N10
  52 | тЬЕ | N1 тЖТ N2 тЖТ N3 тЖТ N4 тЖТ N5 тЖТ N6 тЖТ N7 тЖТ N8 тЖТ N9 тЖТ N10
  53 | тЬЕ | N1 тЖТ N2 тЖТ N3 тЖТ N4 тЖТ N5 тЖТ N6 тЖТ N7 тЖТ N8 тЖТ N9 тЖТ N10
  54 | тЬЕ | N1 тЖТ N2 тЖТ N3 тЖТ N4 тЖТ N5 тЖТ N6 тЖТ N7 тЖТ N8 тЖТ N9 тЖТ N10
  55 | тЬЕ | N1 тЖТ N2 тЖТ N3 тЖТ N4 тЖТ N5 тЖТ N6 тЖТ N7 тЖТ N8 тЖТ N9 тЖТ N10
  56 | тЬЕ | N1 тЖТ N2 тЖТ N3 тЖТ N4 тЖТ N5 тЖТ N6 тЖТ N7 тЖТ N8 тЖТ N9 тЖТ N10
  57 | тЬЕ | N1 тЖТ N2 тЖТ N3 тЖТ N4 тЖТ N5 тЖТ N6 тЖТ N7 тЖТ N8 тЖТ N9 тЖТ N10
  58 | тЬЕ | N1 тЖТ N2 тЖТ N3 тЖТ N4 тЖТ N5 тЖТ N6 тЖТ N7 тЖТ N8 тЖТ N9 тЖТ N10
  59 | тЬЕ | N1 тЖТ N2 тЖТ N3 тЖТ N4 тЖТ N5 тЖТ N6 тЖТ N7 тЖТ N8 тЖТ N9 тЖТ N10
  60 | тЬЕ | N1 тЖТ N2 тЖТ N3 тЖТ N4 тЖТ N5 тЖТ N6 тЖТ N7 тЖТ N8 тЖТ N9 тЖТ N10
  61 | тЬЕ | N1 тЖТ N2 тЖТ N3 тЖТ N4 тЖТ N5 тЖТ N6 тЖТ N7 тЖТ N8 тЖТ N9 тЖТ N10
  62 | тЬЕ | N1 тЖТ N2 тЖТ N3 тЖТ N4 тЖТ N5 тЖТ N6 тЖТ N7 тЖТ N8 тЖТ N9 тЖТ N10
  63 | тЬЕ | N1 тЖТ N2 тЖТ N3 тЖТ N4 тЖТ N5 тЖТ N6 тЖТ N7 тЖТ N8 тЖТ N9 тЖТ N10
  64 | тЬЕ | N1 тЖТ N2 тЖТ N3 тЖТ N4 тЖТ N5 тЖТ N6 тЖТ N7 тЖТ N8 тЖТ N9 тЖТ N10
  65 | тЬЕ | N1 тЖТ N2 тЖТ N3 тЖТ N4 тЖТ N5 тЖТ N6 тЖТ N7 тЖТ N8 тЖТ N9 тЖТ N10
  66 | тЬЕ | N1 тЖТ N2 тЖТ N3 тЖТ N4 тЖТ N5 тЖТ N6 тЖТ N7 тЖТ N8 тЖТ N9 тЖТ N10
  67 | тЬЕ | N1 тЖТ N2 тЖТ N3 тЖТ N4 тЖТ N5 тЖТ N6 тЖТ N7 тЖТ N8 тЖТ N9 тЖТ N10
  68 | тЬЕ | N1 тЖТ N2 тЖТ N3 тЖТ N4 тЖТ N5 тЖТ N6 тЖТ N7 тЖТ N8 тЖТ N9 тЖТ N10
  69 | тЬЕ | N1 тЖТ N2 тЖТ N3 тЖТ N4 тЖТ N5 тЖТ N6 тЖТ N7 тЖТ N8 тЖТ N9 тЖТ N10
  70 | тЬЕ | N1 тЖТ N2 тЖТ N3 тЖТ N4 тЖТ N5 тЖТ N6 тЖТ N7 тЖТ N8 тЖТ N9 тЖТ N10
  71 | тЬЕ | N1 тЖТ N2 тЖТ N3 тЖТ N4 тЖТ N5 тЖТ N6 тЖТ N7 тЖТ N8 тЖТ N9 тЖТ N10
  72 | тЬЕ | N1 тЖТ N2 тЖТ N3 тЖТ N4 тЖТ N5 тЖТ N6 тЖТ N7 тЖТ N8 тЖТ N9 тЖТ N10
  73 | тЬЕ | N1 тЖТ N2 тЖТ N3 тЖТ N4 тЖТ N5 тЖТ N6 тЖТ N7 тЖТ N8 тЖТ N9 тЖТ N10
  74 | тЬЕ | N1 тЖТ N2 тЖТ N3 тЖТ N4 тЖТ N5 тЖТ N6 тЖТ N7 тЖТ N8 тЖТ N9 тЖТ N10
  75 | тЬЕ | N1 тЖТ N2 тЖТ N3 тЖТ N4 тЖТ N5 тЖТ N6 тЖТ N7 тЖТ N8 тЖТ N9 тЖТ N10
  76 | тЬЕ | N1 тЖТ N2 тЖТ N3 тЖТ N4 тЖТ N5 тЖТ N6 тЖТ N7 тЖТ N8 тЖТ N9 тЖТ N10
  77 | тЬЕ | N1 тЖТ N2 тЖТ N3 тЖТ N4 тЖТ N5 тЖТ N6 тЖТ N7 тЖТ N8 тЖТ N9 тЖТ N10
  78 | тЬЕ | N1 тЖТ N2 тЖТ N3 тЖТ N4 тЖТ N5 тЖТ N6 тЖТ N7 тЖТ N8 тЖТ N9 тЖТ N10
  79 | тЬЕ | N1 тЖТ N2 тЖТ N3 тЖТ N4 тЖТ N5 тЖТ N6 тЖТ N7 тЖТ N8 тЖТ N9 тЖТ N10
  80 | тЬЕ | N1 тЖТ N2 тЖТ N3 тЖТ N4 тЖТ N5 тЖТ N6 тЖТ N7 тЖТ N8 тЖТ N9 тЖТ N10
  81 | тЬЕ | N1 тЖТ N2 тЖТ N3 тЖТ N4 тЖТ N5 тЖТ N6 тЖТ N7 тЖТ N8 тЖТ N9 тЖТ N10
  82 | тЬЕ | N1 тЖТ N2 тЖТ N3 тЖТ N4 тЖТ N5 тЖТ N6 тЖТ N7 тЖТ N8 тЖТ N9 тЖТ N10
  83 | тЬЕ | N1 тЖТ N2 тЖТ N3 тЖТ N4 тЖТ N5 тЖТ N6 тЖТ N7 тЖТ N8 тЖТ N9 тЖТ N10
  84 | тЬЕ | N1 тЖТ N2 тЖТ N3 тЖТ N4 тЖТ N5 тЖТ N6 тЖТ N7 тЖТ N8 тЖТ N9 тЖТ N10
  85 | тЬЕ | N1 тЖТ N2 тЖТ N3 тЖТ N4 тЖТ N5 тЖТ N6 тЖТ N7 тЖТ N8 тЖТ N9 тЖТ N10
  86 | тЬЕ | N1 тЖТ N2 тЖТ N3 тЖТ N4 тЖТ N5 тЖТ N6 тЖТ N7 тЖТ N8 тЖТ N9 тЖТ N10
  87 | тЬЕ | N1 тЖТ N2 тЖТ N3 тЖТ N4 тЖТ N5 тЖТ N6 тЖТ N7 тЖТ N8 тЖТ N9 тЖТ N10
  88 | тЬЕ | N1 тЖТ N2 тЖТ N3 тЖТ N4 тЖТ N5 тЖТ N6 тЖТ N7 тЖТ N8 тЖТ N9 тЖТ N10
  89 | тЬЕ | N1 тЖТ N2 тЖТ N3 тЖТ N4 тЖТ N5 тЖТ N6 тЖТ N7 тЖТ N8 тЖТ N9 тЖТ N10
  90 | тЬЕ | N1 тЖТ N2 тЖТ N3 тЖТ N4 тЖТ N5 тЖТ N6 тЖТ N7 тЖТ N8 тЖТ N9 тЖТ N10
  91 | тЬЕ | N1 тЖТ N2 тЖТ N3 тЖТ N4 тЖТ N5 тЖТ N6 тЖТ N7 тЖТ N8 тЖТ N9 тЖТ N10
  92 | тЬЕ | N1 тЖТ N2 тЖТ N3 тЖТ N4 тЖТ N5 тЖТ N6 тЖТ N7 тЖТ N8 тЖТ N9 тЖТ N10
  93 | тЬЕ | N1 тЖТ N2 тЖТ N3 тЖТ N4 тЖТ N5 тЖТ N6 тЖТ N7 тЖТ N8 тЖТ N9 тЖТ N10
  94 | тЬЕ | N1 тЖТ N2 тЖТ N3 тЖТ N4 тЖТ N5 тЖТ N6 тЖТ N7 тЖТ N8 тЖТ N9 тЖТ N10
  95 | тЬЕ | N1 тЖТ N2 тЖТ N3 тЖТ N4 тЖТ N5 тЖТ N6 тЖТ N7 тЖТ N8 тЖТ N9 тЖТ N10
  96 | тЬЕ | N1 тЖТ N2 тЖТ N3 тЖТ N4 тЖТ N5 тЖТ N6 тЖТ N7 тЖТ N8 тЖТ N9 тЖТ N10
  97 | тЬЕ | N1 тЖТ N2 тЖТ N3 тЖТ N4 тЖТ N5 тЖТ N6 тЖТ N7 тЖТ N8 тЖТ N9 тЖТ N10
  98 | тЬЕ | N1 тЖТ N2 тЖТ N3 тЖТ N4 тЖТ N5 тЖТ N6 тЖТ N7 тЖТ N8 тЖТ N9 тЖТ N10
  99 | тЬЕ | N1 тЖТ N2 тЖТ N3 тЖТ N4 тЖТ N5 тЖТ N6 тЖТ N7 тЖТ N8 тЖТ N9 тЖТ N10
 100 | тЬЕ | N1 тЖТ N2 тЖТ N3 тЖТ N4 тЖТ N5 тЖТ N6 тЖТ N7 тЖТ N8 тЖТ N9 тЖТ N10
